{"name": "To verify the single user login success or fail", "status": "failed", "statusDetails": {"message": "AssertionError: Expected as 'Login Success' but got 'Invalid Credentials'\nassert 'Invalid Credentials' in 'Login Success'", "trace": "driver = <selenium.webdriver.chrome.webdriver.WebDriver (session=\"4e94a074cef1310ac3b84f3eb7938ab0\")>, useremail = 'pandiarajs2000@gmail.com'\npassword = 'Test@123'\n\n    @allure.description(\"To verify the login page\")\n    @allure.step(\"To open a site url and give\")\n    @allure.title(\"To verify the single user login success or fail\")\n    @pytest.mark.parametrize(\"useremail, password\", [('pandiarajs2000@gmail.com', 'Test@123')])\n    def test_login_page(driver, useremail, password):\n        logging.info(\"To verify the single user login pass or fail\")\n        login_form = LoginClass(driver)\n        res = login_form.login_form()\n        login_form.login_form_field(useremail, password)\n        actual_text = login_form.alert_window_handle(password)\n        time.sleep(3)\n        expected_text = \"Login Success\"\n        print(\"Site Url\", res)\n        print(actual_text)\n>       assert actual_text in expected_text, f\"Expected as 'Login Success' but got '{actual_text}'\"\nE       AssertionError: Expected as 'Login Success' but got 'Invalid Credentials'\nE       assert 'Invalid Credentials' in 'Login Success'\n\nTest\\test_login.py:29: AssertionError"}, "description": "To verify the login page", "steps": [{"name": "To open a site url and give", "status": "failed", "statusDetails": {"message": "AssertionError: Expected as 'Login Success' but got 'Invalid Credentials'\nassert 'Invalid Credentials' in 'Login Success'\n", "trace": "  File \"E:\\Erpnext Automation\\erpnext_automation\\Lib\\site-packages\\allure_commons\\_allure.py\", line 202, in impl\n    return func(*a, **kw)\n  File \"E:\\Erpnext Automation\\Test\\test_login.py\", line 29, in test_login_page\n    assert actual_text in expected_text, f\"Expected as 'Login Success' but got '{actual_text}'\"\n"}, "parameters": [{"name": "driver", "value": "<selenium.webdriver.chrome.webdriver.WebDriver (session=\"4e94a074cef1310ac3b84f3eb7938ab0\")>"}, {"name": "useremail", "value": "'pandiarajs2000@gmail.com'"}, {"name": "password", "value": "'Test@123'"}], "start": 1755355083865, "stop": 1755355117427}], "parameters": [{"name": "useremail", "value": "'pandiarajs2000@gmail.com'"}, {"name": "password", "value": "'Test@123'"}], "start": 1755355083865, "stop": 1755355117433, "uuid": "53cc0b33-c0ca-4f5e-bef5-11720e5296a5", "historyId": "5b977e48955a3ced684bd3e5802bab82", "testCaseId": "582a8c39befba9ef224ee1986173487c", "fullName": "Test.test_login#test_login_page", "labels": [{"name": "parentSuite", "value": "Test"}, {"name": "suite", "value": "test_login"}, {"name": "host", "value": "DESKTOP-D5ES2FE"}, {"name": "thread", "value": "19996-MainThread"}, {"name": "framework", "value": "pytest"}, {"name": "language", "value": "cpython3"}, {"name": "package", "value": "Test.test_login"}], "titlePath": ["Test", "test_login.py"]}